# JRE version: Java(TM) SE Runtime Environment (8.0_202-b08) (build 1.8.0_202-b08)
# Java VM: Java HotSpot(TM) 64-Bit Server VM (25.202-b08 mixed mode windows-amd64 compressed oops)
Heap:
 PSYoungGen      total 330240K, used 99159K [0x00000000d5580000, 0x00000000f4c00000, 0x0000000100000000)
  eden space 281600K, 35% used [0x00000000d5580000,0x00000000db655d58,0x00000000e6880000)
  from space 48640K, 0% used [0x00000000e6880000,0x00000000e6880000,0x00000000e9800000)
  to   space 90112K, 0% used [0x00000000ef400000,0x00000000ef400000,0x00000000f4c00000)
 ParOldGen       total 285696K, used 81301K [0x0000000080000000, 0x0000000091700000, 0x00000000d5580000)
  object space 285696K, 28% used [0x0000000080000000,0x0000000084f65718,0x0000000091700000)
 Metaspace       used 100132K, capacity 104882K, committed 105472K, reserved 1140736K
  class space    used 13117K, capacity 14084K, committed 14336K, reserved 1048576K
GC Heap History (10 events):
Event: 42.264 GC heap before
{Heap before GC invocations=24 (full 4):
 PSYoungGen      total 292864K, used 239104K [0x00000000d5580000, 0x00000000ed400000, 0x0000000100000000)
  eden space 239104K, 100% used [0x00000000d5580000,0x00000000e3f00000,0x00000000e3f00000)
  from space 53760K, 0% used [0x00000000e3f00000,0x00000000e3f00000,0x00000000e7380000)
  to   space 51712K, 0% used [0x00000000ea180000,0x00000000ea180000,0x00000000ed400000)
 ParOldGen       total 247296K, used 96502K [0x0000000080000000, 0x000000008f180000, 0x00000000d5580000)
  object space 247296K, 39% used [0x0000000080000000,0x0000000085e3db48,0x000000008f180000)
 Metaspace       used 93709K, capacity 98038K, committed 99368K, reserved 1134592K
  class space    used 12615K, capacity 13506K, committed 13824K, reserved 1048576K
Event: 42.305 GC heap after
Heap after GC invocations=24 (full 4):
 PSYoungGen      total 320512K, used 15546K [0x00000000d5580000, 0x00000000ec780000, 0x0000000100000000)
  eden space 281600K, 0% used [0x00000000d5580000,0x00000000d5580000,0x00000000e6880000)
  from space 38912K, 39% used [0x00000000ea180000,0x00000000eb0aeaf0,0x00000000ec780000)
  to   space 48640K, 0% used [0x00000000e6880000,0x00000000e6880000,0x00000000e9800000)
 ParOldGen       total 247296K, used 96510K [0x0000000080000000, 0x000000008f180000, 0x00000000d5580000)
  object space 247296K, 39% used [0x0000000080000000,0x0000000085e3fb48,0x000000008f180000)
 Metaspace       used 93709K, capacity 98038K, committed 99368K, reserved 1134592K
  class space    used 12615K, capacity 13506K, committed 13824K, reserved 1048576K
}
Event: 45.239 GC heap before
{Heap before GC invocations=25 (full 4):
 PSYoungGen      total 320512K, used 297146K [0x00000000d5580000, 0x00000000ec780000, 0x0000000100000000)
  eden space 281600K, 100% used [0x00000000d5580000,0x00000000e6880000,0x00000000e6880000)
  from space 38912K, 39% used [0x00000000ea180000,0x00000000eb0aeaf0,0x00000000ec780000)
  to   space 48640K, 0% used [0x00000000e6880000,0x00000000e6880000,0x00000000e9800000)
 ParOldGen       total 247296K, used 96512K [0x0000000080000000, 0x000000008f180000, 0x00000000d5580000)
  object space 247296K, 39% used [0x0000000080000000,0x0000000085e401f0,0x000000008f180000)
 Metaspace       used 94815K, capacity 99208K, committed 100480K, reserved 1136640K
  class space    used 12722K, capacity 13603K, committed 13952K, reserved 1048576K
Event: 45.383 GC heap after
Heap after GC invocations=25 (full 4):
 PSYoungGen      total 330240K, used 48613K [0x00000000d5580000, 0x00000000f2480000, 0x0000000100000000)
  eden space 281600K, 0% used [0x00000000d5580000,0x00000000d5580000,0x00000000e6880000)
  from space 48640K, 99% used [0x00000000e6880000,0x00000000e97f9530,0x00000000e9800000)
  to   space 69120K, 0% used [0x00000000ee100000,0x00000000ee100000,0x00000000f2480000)
 ParOldGen       total 247296K, used 128864K [0x0000000080000000, 0x000000008f180000, 0x00000000d5580000)
  object space 247296K, 52% used [0x0000000080000000,0x0000000087dd81e8,0x000000008f180000)
 Metaspace       used 94815K, capacity 99208K, committed 100480K, reserved 1136640K
  class space    used 12722K, capacity 13603K, committed 13952K, reserved 1048576K
}
Event: 48.472 GC heap before
{Heap before GC invocations=26 (full 4):
 PSYoungGen      total 330240K, used 330213K [0x00000000d5580000, 0x00000000f2480000, 0x0000000100000000)
  eden space 281600K, 100% used [0x00000000d5580000,0x00000000e6880000,0x00000000e6880000)
  from space 48640K, 99% used [0x00000000e6880000,0x00000000e97f9530,0x00000000e9800000)
  to   space 69120K, 0% used [0x00000000ee100000,0x00000000ee100000,0x00000000f2480000)
 ParOldGen       total 247296K, used 128864K [0x0000000080000000, 0x000000008f180000, 0x00000000d5580000)
  object space 247296K, 52% used [0x0000000080000000,0x0000000087dd81e8,0x000000008f180000)
 Metaspace       used 95319K, capacity 99754K, committed 100992K, reserved 1136640K
  class space    used 12768K, capacity 13646K, committed 13952K, reserved 1048576K
Event: 48.657 GC heap after
Heap after GC invocations=26 (full 4):
 PSYoungGen      total 350720K, used 69104K [0x00000000d5580000, 0x00000000f2480000, 0x0000000100000000)
  eden space 281600K, 0% used [0x00000000d5580000,0x00000000d5580000,0x00000000e6880000)
  from space 69120K, 99% used [0x00000000ee100000,0x00000000f247c178,0x00000000f2480000)
  to   space 48640K, 0% used [0x00000000e6880000,0x00000000e6880000,0x00000000e9800000)
 ParOldGen       total 247296K, used 161788K [0x0000000080000000, 0x000000008f180000, 0x00000000d5580000)
  object space 247296K, 65% used [0x0000000080000000,0x0000000089dff3b8,0x000000008f180000)
 Metaspace       used 95319K, capacity 99754K, committed 100992K, reserved 1136640K
  class space    used 12768K, capacity 13646K, committed 13952K, reserved 1048576K
}
Event: 62.002 GC heap before
{Heap before GC invocations=27 (full 4):
 PSYoungGen      total 350720K, used 350704K [0x00000000d5580000, 0x00000000f2480000, 0x0000000100000000)
  eden space 281600K, 100% used [0x00000000d5580000,0x00000000e6880000,0x00000000e6880000)
  from space 69120K, 99% used [0x00000000ee100000,0x00000000f247c178,0x00000000f2480000)
  to   space 48640K, 0% used [0x00000000e6880000,0x00000000e6880000,0x00000000e9800000)
 ParOldGen       total 247296K, used 161788K [0x0000000080000000, 0x000000008f180000, 0x00000000d5580000)
  object space 247296K, 65% used [0x0000000080000000,0x0000000089dff3b8,0x000000008f180000)
 Metaspace       used 99194K, capacity 103770K, committed 104576K, reserved 1140736K
  class space    used 13029K, capacity 13962K, committed 14208K, reserved 1048576K
Event: 62.090 GC heap after
Heap after GC invocations=27 (full 4):
 PSYoungGen      total 330240K, used 14468K [0x00000000d5580000, 0x00000000f4c00000, 0x0000000100000000)
  eden space 281600K, 0% used [0x00000000d5580000,0x00000000d5580000,0x00000000e6880000)
  from space 48640K, 29% used [0x00000000e6880000,0x00000000e76a13d0,0x00000000e9800000)
  to   space 90112K, 0% used [0x00000000ef400000,0x00000000ef400000,0x00000000f4c00000)
 ParOldGen       total 247296K, used 207966K [0x0000000080000000, 0x000000008f180000, 0x00000000d5580000)
  object space 247296K, 84% used [0x0000000080000000,0x000000008cb17bc8,0x000000008f180000)
 Metaspace       used 99194K, capacity 103770K, committed 104576K, reserved 1140736K
  class space    used 13029K, capacity 13962K, committed 14208K, reserved 1048576K
}
Event: 62.092 GC heap before
{Heap before GC invocations=28 (full 5):
 PSYoungGen      total 330240K, used 14468K [0x00000000d5580000, 0x00000000f4c00000, 0x0000000100000000)
  eden space 281600K, 0% used [0x00000000d5580000,0x00000000d5580000,0x00000000e6880000)
  from space 48640K, 29% used [0x00000000e6880000,0x00000000e76a13d0,0x00000000e9800000)
  to   space 90112K, 0% used [0x00000000ef400000,0x00000000ef400000,0x00000000f4c00000)
 ParOldGen       total 247296K, used 207966K [0x0000000080000000, 0x000000008f180000, 0x00000000d5580000)
  object space 247296K, 84% used [0x0000000080000000,0x000000008cb17bc8,0x000000008f180000)
 Metaspace       used 99194K, capacity 103770K, committed 104576K, reserved 1140736K
  class space    used 13029K, capacity 13962K, committed 14208K, reserved 1048576K
Event: 62.576 GC heap after
Heap after GC invocations=28 (full 5):
 PSYoungGen      total 330240K, used 0K [0x00000000d5580000, 0x00000000f4c00000, 0x0000000100000000)
  eden space 281600K, 0% used [0x00000000d5580000,0x00000000d5580000,0x00000000e6880000)
  from space 48640K, 0% used [0x00000000e6880000,0x00000000e6880000,0x00000000e9800000)
  to   space 90112K, 0% used [0x00000000ef400000,0x00000000ef400000,0x00000000f4c00000)
 ParOldGen       total 285696K, used 81301K [0x0000000080000000, 0x0000000091700000, 0x00000000d5580000)
  object space 285696K, 28% used [0x0000000080000000,0x0000000084f65718,0x0000000091700000)
 Metaspace       used 99172K, capacity 103704K, committed 104576K, reserved 1140736K
  class space    used 13023K, capacity 13951K, committed 14208K, reserved 1048576K
}

